Exception in thread Thread-13 (_readerthread):
Traceback (most recent call last):
  File "C:\Users\14153\AppData\Local\Programs\Python\Python311\Lib\threading.py", line 1045, in _bootstrap_inner
    self.run()
  File "C:\Users\14153\AppData\Local\Programs\Python\Python311\Lib\threading.py", line 982, in run
    self._target(*self._args, **self._kwargs)
  File "C:\Users\14153\AppData\Local\Programs\Python\Python311\Lib\subprocess.py", line 1599, in _readerthread
    buffer.append(fh.read())
                  ^^^^^^^^^
  File "C:\Users\14153\AppData\Local\Programs\Python\Python311\Lib\encodings\cp1252.py", line 23, in decode
    return codecs.charmap_decode(input,self.errors,decoding_table)[0]
           ^^^^^^^^^^^^^^^^^^^^^^^^^^^^^^^^^^^^^^^^^^^^^^^^^^^^^^^
UnicodeDecodeError: 'charmap' codec can't decode byte 0x9d in position 14148: character maps to <undefined>
Exception in thread Thread-15 (_readerthread):
Traceback (most recent call last):
  File "C:\Users\14153\AppData\Local\Programs\Python\Python311\Lib\threading.py", line 1045, in _bootstrap_inner
    self.run()
  File "C:\Users\14153\AppData\Local\Programs\Python\Python311\Lib\threading.py", line 982, in run
    self._target(*self._args, **self._kwargs)
  File "C:\Users\14153\AppData\Local\Programs\Python\Python311\Lib\subprocess.py", line 1599, in _readerthread
    buffer.append(fh.read())
                  ^^^^^^^^^
  File "C:\Users\14153\AppData\Local\Programs\Python\Python311\Lib\encodings\cp1252.py", line 23, in decode
    return codecs.charmap_decode(input,self.errors,decoding_table)[0]
           ^^^^^^^^^^^^^^^^^^^^^^^^^^^^^^^^^^^^^^^^^^^^^^^^^^^^^^^
UnicodeDecodeError: 'charmap' codec can't decode byte 0x9d in position 13446: character maps to <undefined>
